<?xml version="1.0" encoding="UTF-8"?>
<testng-results ignored="0" total="1" passed="1" failed="0" skipped="0">
  <reporter-output>
  </reporter-output>
  <suite started-at="2022-03-13T18:34:39 IST" name="Default suite" finished-at="2022-03-13T18:34:39 IST" duration-ms="191">
    <groups>
    </groups>
    <test started-at="2022-03-13T18:34:39 IST" name="Default test" finished-at="2022-03-13T18:34:39 IST" duration-ms="191">
      <class name="Package2.Class_A">
        <test-method signature="M()[pri:0, instance:Package2.Class_A@6b26e945]" started-at="2022-03-13T18:34:39 IST" name="M" finished-at="2022-03-13T18:34:39 IST" duration-ms="24" status="PASS">
          <reporter-output>
          </reporter-output>
        </test-method> <!-- M -->
      </class> <!-- Package2.Class_A -->
    </test> <!-- Default test -->
  </suite> <!-- Default suite -->
</testng-results>
